{"E:\\doctor\\backend\\config\\passport.js": {"path":"E:\\doctor\\backend\\config\\passport.js","statementMap":{"0":{"start":{"line":1,"column":17},"end":{"line":1,"column":36}},"1":{"start":{"line":2,"column":23},"end":{"line":2,"column":66}},"2":{"start":{"line":3,"column":16},"end":{"line":3,"column":43}},"3":{"start":{"line":4,"column":15},"end":{"line":4,"column":41}},"4":{"start":{"line":6,"column":0},"end":{"line":6,"column":27}},"5":{"start":{"line":9,"column":0},"end":{"line":73,"column":1}},"6":{"start":{"line":10,"column":2},"end":{"line":72,"column":4}},"7":{"start":{"line":21,"column":6},"end":{"line":69,"column":7}},"8":{"start":{"line":22,"column":25},"end":{"line":22,"column":53}},"9":{"start":{"line":24,"column":48},"end":{"line":24,"column":55}},"10":{"start":{"line":25,"column":22},"end":{"line":25,"column":40}},"11":{"start":{"line":26,"column":22},"end":{"line":26,"column":40}},"12":{"start":{"line":28,"column":8},"end":{"line":66,"column":9}},"13":{"start":{"line":29,"column":21},"end":{"line":29,"column":52}},"14":{"start":{"line":30,"column":10},"end":{"line":44,"column":11}},"15":{"start":{"line":31,"column":12},"end":{"line":37,"column":15}},"16":{"start":{"line":39,"column":12},"end":{"line":43,"column":13}},"17":{"start":{"line":40,"column":14},"end":{"line":40,"column":41}},"18":{"start":{"line":41,"column":14},"end":{"line":41,"column":40}},"19":{"start":{"line":42,"column":14},"end":{"line":42,"column":32}},"20":{"start":{"line":46,"column":10},"end":{"line":46,"column":54}},"21":{"start":{"line":48,"column":21},"end":{"line":48,"column":53}},"22":{"start":{"line":49,"column":10},"end":{"line":63,"column":11}},"23":{"start":{"line":50,"column":12},"end":{"line":56,"column":15}},"24":{"start":{"line":58,"column":12},"end":{"line":62,"column":13}},"25":{"start":{"line":59,"column":14},"end":{"line":59,"column":41}},"26":{"start":{"line":60,"column":14},"end":{"line":60,"column":40}},"27":{"start":{"line":61,"column":14},"end":{"line":61,"column":32}},"28":{"start":{"line":65,"column":10},"end":{"line":65,"column":55}},"29":{"start":{"line":68,"column":8},"end":{"line":68,"column":27}},"30":{"start":{"line":76,"column":0},"end":{"line":76,"column":26}}},"fnMap":{"0":{"name":"(anonymous_0)","decl":{"start":{"line":20,"column":4},"end":{"line":20,"column":5}},"loc":{"start":{"line":20,"column":61},"end":{"line":70,"column":5}},"line":20}},"branchMap":{"0":{"loc":{"start":{"line":9,"column":0},"end":{"line":73,"column":1}},"type":"if","locations":[{"start":{"line":9,"column":0},"end":{"line":73,"column":1}},{"start":{},"end":{}}],"line":9},"1":{"loc":{"start":{"line":9,"column":4},"end":{"line":9,"column":103}},"type":"binary-expr","locations":[{"start":{"line":9,"column":4},"end":{"line":9,"column":32}},{"start":{"line":9,"column":36},"end":{"line":9,"column":68}},{"start":{"line":9,"column":72},"end":{"line":9,"column":103}}],"line":9},"2":{"loc":{"start":{"line":22,"column":25},"end":{"line":22,"column":53}},"type":"binary-expr","locations":[{"start":{"line":22,"column":25},"end":{"line":22,"column":40}},{"start":{"line":22,"column":44},"end":{"line":22,"column":53}}],"line":22},"3":{"loc":{"start":{"line":28,"column":8},"end":{"line":66,"column":9}},"type":"if","locations":[{"start":{"line":28,"column":8},"end":{"line":66,"column":9}},{"start":{"line":47,"column":15},"end":{"line":66,"column":9}}],"line":28},"4":{"loc":{"start":{"line":30,"column":10},"end":{"line":44,"column":11}},"type":"if","locations":[{"start":{"line":30,"column":10},"end":{"line":44,"column":11}},{"start":{"line":38,"column":17},"end":{"line":44,"column":11}}],"line":30},"5":{"loc":{"start":{"line":39,"column":12},"end":{"line":43,"column":13}},"type":"if","locations":[{"start":{"line":39,"column":12},"end":{"line":43,"column":13}},{"start":{},"end":{}}],"line":39},"6":{"loc":{"start":{"line":49,"column":10},"end":{"line":63,"column":11}},"type":"if","locations":[{"start":{"line":49,"column":10},"end":{"line":63,"column":11}},{"start":{"line":57,"column":17},"end":{"line":63,"column":11}}],"line":49},"7":{"loc":{"start":{"line":58,"column":12},"end":{"line":62,"column":13}},"type":"if","locations":[{"start":{"line":58,"column":12},"end":{"line":62,"column":13}},{"start":{},"end":{}}],"line":58}},"s":{"0":2,"1":2,"2":2,"3":2,"4":2,"5":2,"6":0,"7":0,"8":0,"9":0,"10":0,"11":0,"12":0,"13":0,"14":0,"15":0,"16":0,"17":0,"18":0,"19":0,"20":0,"21":0,"22":0,"23":0,"24":0,"25":0,"26":0,"27":0,"28":0,"29":0,"30":2},"f":{"0":0},"b":{"0":[0,2],"1":[2,2,2],"2":[0,0],"3":[0,0],"4":[0,0],"5":[0,0],"6":[0,0],"7":[0,0]},"_coverageSchema":"1a1c01bbd47fc00a2c39e90264f33305004495a9","hash":"a1c44189ad9cfc5d97917547a249539f2366bebe"}
,"E:\\doctor\\backend\\middleware\\auth.js": {"path":"E:\\doctor\\backend\\middleware\\auth.js","statementMap":{"0":{"start":{"line":1,"column":12},"end":{"line":1,"column":35}},"1":{"start":{"line":2,"column":15},"end":{"line":2,"column":41}},"2":{"start":{"line":3,"column":16},"end":{"line":3,"column":43}},"3":{"start":{"line":6,"column":0},"end":{"line":35,"column":1}},"4":{"start":{"line":8,"column":8},"end":{"line":27,"column":9}},"5":{"start":{"line":9,"column":27},"end":{"line":9,"column":52}},"6":{"start":{"line":10,"column":12},"end":{"line":10,"column":80}},"7":{"start":{"line":10,"column":24},"end":{"line":10,"column":80}},"8":{"start":{"line":11,"column":26},"end":{"line":11,"column":79}},"9":{"start":{"line":12,"column":12},"end":{"line":12,"column":65}},"10":{"start":{"line":12,"column":24},"end":{"line":12,"column":65}},"11":{"start":{"line":14,"column":27},"end":{"line":14,"column":68}},"12":{"start":{"line":15,"column":12},"end":{"line":15,"column":30}},"13":{"start":{"line":17,"column":12},"end":{"line":21,"column":13}},"14":{"start":{"line":18,"column":16},"end":{"line":18,"column":60}},"15":{"start":{"line":19,"column":18},"end":{"line":21,"column":13}},"16":{"start":{"line":20,"column":16},"end":{"line":20,"column":61}},"17":{"start":{"line":23,"column":12},"end":{"line":23,"column":66}},"18":{"start":{"line":23,"column":26},"end":{"line":23,"column":66}},"19":{"start":{"line":24,"column":12},"end":{"line":24,"column":19}},"20":{"start":{"line":26,"column":13},"end":{"line":26,"column":65}},"21":{"start":{"line":29,"column":26},"end":{"line":34,"column":5}},"22":{"start":{"line":30,"column":8},"end":{"line":32,"column":9}},"23":{"start":{"line":31,"column":12},"end":{"line":31,"column":66}},"24":{"start":{"line":33,"column":8},"end":{"line":33,"column":15}}},"fnMap":{"0":{"name":"(anonymous_0)","decl":{"start":{"line":7,"column":18},"end":{"line":7,"column":19}},"loc":{"start":{"line":7,"column":42},"end":{"line":28,"column":5}},"line":7},"1":{"name":"(anonymous_1)","decl":{"start":{"line":29,"column":18},"end":{"line":29,"column":19}},"loc":{"start":{"line":29,"column":26},"end":{"line":34,"column":5}},"line":29},"2":{"name":"(anonymous_2)","decl":{"start":{"line":29,"column":26},"end":{"line":29,"column":27}},"loc":{"start":{"line":29,"column":44},"end":{"line":34,"column":5}},"line":29}},"branchMap":{"0":{"loc":{"start":{"line":10,"column":12},"end":{"line":10,"column":80}},"type":"if","locations":[{"start":{"line":10,"column":12},"end":{"line":10,"column":80}},{"start":{},"end":{}}],"line":10},"1":{"loc":{"start":{"line":11,"column":26},"end":{"line":11,"column":79}},"type":"cond-expr","locations":[{"start":{"line":11,"column":57},"end":{"line":11,"column":72}},{"start":{"line":11,"column":75},"end":{"line":11,"column":79}}],"line":11},"2":{"loc":{"start":{"line":12,"column":12},"end":{"line":12,"column":65}},"type":"if","locations":[{"start":{"line":12,"column":12},"end":{"line":12,"column":65}},{"start":{},"end":{}}],"line":12},"3":{"loc":{"start":{"line":17,"column":12},"end":{"line":21,"column":13}},"type":"if","locations":[{"start":{"line":17,"column":12},"end":{"line":21,"column":13}},{"start":{"line":19,"column":18},"end":{"line":21,"column":13}}],"line":17},"4":{"loc":{"start":{"line":19,"column":18},"end":{"line":21,"column":13}},"type":"if","locations":[{"start":{"line":19,"column":18},"end":{"line":21,"column":13}},{"start":{},"end":{}}],"line":19},"5":{"loc":{"start":{"line":23,"column":12},"end":{"line":23,"column":66}},"type":"if","locations":[{"start":{"line":23,"column":12},"end":{"line":23,"column":66}},{"start":{},"end":{}}],"line":23},"6":{"loc":{"start":{"line":30,"column":8},"end":{"line":32,"column":9}},"type":"if","locations":[{"start":{"line":30,"column":8},"end":{"line":32,"column":9}},{"start":{},"end":{}}],"line":30},"7":{"loc":{"start":{"line":30,"column":11},"end":{"line":30,"column":46}},"type":"binary-expr","locations":[{"start":{"line":30,"column":11},"end":{"line":30,"column":20}},{"start":{"line":30,"column":24},"end":{"line":30,"column":46}}],"line":30}},"s":{"0":3,"1":3,"2":3,"3":3,"4":6,"5":6,"6":6,"7":1,"8":5,"9":5,"10":1,"11":4,"12":4,"13":4,"14":2,"15":2,"16":2,"17":4,"18":0,"19":4,"20":0,"21":22,"22":3,"23":0,"24":3},"f":{"0":6,"1":22,"2":3},"b":{"0":[1,5],"1":[5,0],"2":[1,4],"3":[2,2],"4":[2,0],"5":[0,4],"6":[0,3],"7":[3,3]},"_coverageSchema":"1a1c01bbd47fc00a2c39e90264f33305004495a9","hash":"e0f94b8948c9aba5cadff535e3c40af42d4fed51"}
,"E:\\doctor\\backend\\middleware\\response.js": {"path":"E:\\doctor\\backend\\middleware\\response.js","statementMap":{"0":{"start":{"line":1,"column":0},"end":{"line":24,"column":2}},"1":{"start":{"line":2,"column":2},"end":{"line":3,"column":65}},"2":{"start":{"line":3,"column":4},"end":{"line":3,"column":64}},"3":{"start":{"line":5,"column":2},"end":{"line":6,"column":65}},"4":{"start":{"line":6,"column":4},"end":{"line":6,"column":64}},"5":{"start":{"line":8,"column":2},"end":{"line":9,"column":62}},"6":{"start":{"line":9,"column":4},"end":{"line":9,"column":61}},"7":{"start":{"line":11,"column":2},"end":{"line":12,"column":54}},"8":{"start":{"line":12,"column":4},"end":{"line":12,"column":53}},"9":{"start":{"line":14,"column":2},"end":{"line":15,"column":54}},"10":{"start":{"line":15,"column":4},"end":{"line":15,"column":53}},"11":{"start":{"line":17,"column":2},"end":{"line":18,"column":54}},"12":{"start":{"line":18,"column":4},"end":{"line":18,"column":53}},"13":{"start":{"line":20,"column":2},"end":{"line":21,"column":62}},"14":{"start":{"line":21,"column":4},"end":{"line":21,"column":61}},"15":{"start":{"line":23,"column":2},"end":{"line":23,"column":9}}},"fnMap":{"0":{"name":"(anonymous_0)","decl":{"start":{"line":1,"column":17},"end":{"line":1,"column":18}},"loc":{"start":{"line":1,"column":37},"end":{"line":24,"column":1}},"line":1},"1":{"name":"(anonymous_1)","decl":{"start":{"line":2,"column":11},"end":{"line":2,"column":12}},"loc":{"start":{"line":3,"column":4},"end":{"line":3,"column":64}},"line":3},"2":{"name":"(anonymous_2)","decl":{"start":{"line":5,"column":16},"end":{"line":5,"column":17}},"loc":{"start":{"line":6,"column":4},"end":{"line":6,"column":64}},"line":6},"3":{"name":"(anonymous_3)","decl":{"start":{"line":8,"column":19},"end":{"line":8,"column":20}},"loc":{"start":{"line":9,"column":4},"end":{"line":9,"column":61}},"line":9},"4":{"name":"(anonymous_4)","decl":{"start":{"line":11,"column":21},"end":{"line":11,"column":22}},"loc":{"start":{"line":12,"column":4},"end":{"line":12,"column":53}},"line":12},"5":{"name":"(anonymous_5)","decl":{"start":{"line":14,"column":18},"end":{"line":14,"column":19}},"loc":{"start":{"line":15,"column":4},"end":{"line":15,"column":53}},"line":15},"6":{"name":"(anonymous_6)","decl":{"start":{"line":17,"column":17},"end":{"line":17,"column":18}},"loc":{"start":{"line":18,"column":4},"end":{"line":18,"column":53}},"line":18},"7":{"name":"(anonymous_7)","decl":{"start":{"line":20,"column":20},"end":{"line":20,"column":21}},"loc":{"start":{"line":21,"column":4},"end":{"line":21,"column":61}},"line":21}},"branchMap":{"0":{"loc":{"start":{"line":2,"column":12},"end":{"line":2,"column":21}},"type":"default-arg","locations":[{"start":{"line":2,"column":19},"end":{"line":2,"column":21}}],"line":2},"1":{"loc":{"start":{"line":2,"column":23},"end":{"line":2,"column":37}},"type":"default-arg","locations":[{"start":{"line":2,"column":33},"end":{"line":2,"column":37}}],"line":2},"2":{"loc":{"start":{"line":2,"column":39},"end":{"line":2,"column":48}},"type":"default-arg","locations":[{"start":{"line":2,"column":46},"end":{"line":2,"column":48}}],"line":2},"3":{"loc":{"start":{"line":5,"column":17},"end":{"line":5,"column":26}},"type":"default-arg","locations":[{"start":{"line":5,"column":24},"end":{"line":5,"column":26}}],"line":5},"4":{"loc":{"start":{"line":5,"column":28},"end":{"line":5,"column":47}},"type":"default-arg","locations":[{"start":{"line":5,"column":38},"end":{"line":5,"column":47}}],"line":5},"5":{"loc":{"start":{"line":5,"column":49},"end":{"line":5,"column":58}},"type":"default-arg","locations":[{"start":{"line":5,"column":56},"end":{"line":5,"column":58}}],"line":5},"6":{"loc":{"start":{"line":8,"column":20},"end":{"line":8,"column":43}},"type":"default-arg","locations":[{"start":{"line":8,"column":30},"end":{"line":8,"column":43}}],"line":8},"7":{"loc":{"start":{"line":8,"column":45},"end":{"line":8,"column":56}},"type":"default-arg","locations":[{"start":{"line":8,"column":54},"end":{"line":8,"column":56}}],"line":8},"8":{"loc":{"start":{"line":11,"column":22},"end":{"line":11,"column":46}},"type":"default-arg","locations":[{"start":{"line":11,"column":32},"end":{"line":11,"column":46}}],"line":11},"9":{"loc":{"start":{"line":14,"column":19},"end":{"line":14,"column":40}},"type":"default-arg","locations":[{"start":{"line":14,"column":29},"end":{"line":14,"column":40}}],"line":14},"10":{"loc":{"start":{"line":17,"column":18},"end":{"line":17,"column":39}},"type":"default-arg","locations":[{"start":{"line":17,"column":28},"end":{"line":17,"column":39}}],"line":17},"11":{"loc":{"start":{"line":20,"column":21},"end":{"line":20,"column":54}},"type":"default-arg","locations":[{"start":{"line":20,"column":31},"end":{"line":20,"column":54}}],"line":20},"12":{"loc":{"start":{"line":20,"column":56},"end":{"line":20,"column":67}},"type":"default-arg","locations":[{"start":{"line":20,"column":65},"end":{"line":20,"column":67}}],"line":20}},"s":{"0":2,"1":9,"2":2,"3":9,"4":4,"5":9,"6":2,"7":9,"8":1,"9":9,"10":0,"11":9,"12":0,"13":9,"14":0,"15":9},"f":{"0":9,"1":2,"2":4,"3":2,"4":1,"5":0,"6":0,"7":0},"b":{"0":[0],"1":[0],"2":[2],"3":[0],"4":[0],"5":[4],"6":[0],"7":[1],"8":[0],"9":[0],"10":[0],"11":[0],"12":[0]},"_coverageSchema":"1a1c01bbd47fc00a2c39e90264f33305004495a9","hash":"a8a0f1cce49b6d305193959f173481f68884091e"}
,"E:\\doctor\\backend\\middleware\\validate.js": {"path":"E:\\doctor\\backend\\middleware\\validate.js","statementMap":{"0":{"start":{"line":3,"column":28},"end":{"line":3,"column":56}},"1":{"start":{"line":7,"column":0},"end":{"line":13,"column":1}},"2":{"start":{"line":8,"column":19},"end":{"line":8,"column":40}},"3":{"start":{"line":9,"column":4},"end":{"line":11,"column":5}},"4":{"start":{"line":10,"column":8},"end":{"line":10,"column":65}},"5":{"start":{"line":12,"column":4},"end":{"line":12,"column":12}}},"fnMap":{"0":{"name":"(anonymous_0)","decl":{"start":{"line":7,"column":17},"end":{"line":7,"column":18}},"loc":{"start":{"line":7,"column":35},"end":{"line":13,"column":1}},"line":7}},"branchMap":{"0":{"loc":{"start":{"line":9,"column":4},"end":{"line":11,"column":5}},"type":"if","locations":[{"start":{"line":9,"column":4},"end":{"line":11,"column":5}},{"start":{},"end":{}}],"line":9}},"s":{"0":2,"1":2,"2":9,"3":9,"4":1,"5":8},"f":{"0":9},"b":{"0":[1,8]},"_coverageSchema":"1a1c01bbd47fc00a2c39e90264f33305004495a9","hash":"248fefe6609adb2cb1ee282d78fd9009c617fd20"}
,"E:\\doctor\\backend\\modal\\Appointment.js": {"path":"E:\\doctor\\backend\\modal\\Appointment.js","statementMap":{"0":{"start":{"line":1,"column":17},"end":{"line":1,"column":36}},"1":{"start":{"line":3,"column":26},"end":{"line":61,"column":20}},"2":{"start":{"line":66,"column":0},"end":{"line":66,"column":73}},"3":{"start":{"line":68,"column":0},"end":{"line":68,"column":64}}},"fnMap":{},"branchMap":{},"s":{"0":2,"1":2,"2":2,"3":2},"f":{},"b":{},"_coverageSchema":"1a1c01bbd47fc00a2c39e90264f33305004495a9","hash":"c9f35024df86ea57414f62b99e7b1004ff8c8c05"}
,"E:\\doctor\\backend\\modal\\Doctor.js": {"path":"E:\\doctor\\backend\\modal\\Doctor.js","statementMap":{"0":{"start":{"line":1,"column":17},"end":{"line":1,"column":36}},"1":{"start":{"line":3,"column":34},"end":{"line":13,"column":1}},"2":{"start":{"line":16,"column":29},"end":{"line":19,"column":15}},"3":{"start":{"line":22,"column":32},"end":{"line":26,"column":15}},"4":{"start":{"line":28,"column":21},"end":{"line":65,"column":2}},"5":{"start":{"line":67,"column":0},"end":{"line":67,"column":56}}},"fnMap":{},"branchMap":{},"s":{"0":3,"1":3,"2":3,"3":3,"4":3,"5":3},"f":{},"b":{},"_coverageSchema":"1a1c01bbd47fc00a2c39e90264f33305004495a9","hash":"e77353a91627537f954575ba5a1d82257a180c9a"}
,"E:\\doctor\\backend\\modal\\Patient.js": {"path":"E:\\doctor\\backend\\modal\\Patient.js","statementMap":{"0":{"start":{"line":1,"column":18},"end":{"line":1,"column":37}},"1":{"start":{"line":2,"column":30},"end":{"line":2,"column":54}},"2":{"start":{"line":3,"column":31},"end":{"line":7,"column":14}},"3":{"start":{"line":9,"column":29},"end":{"line":13,"column":14}},"4":{"start":{"line":15,"column":22},"end":{"line":35,"column":20}},"5":{"start":{"line":38,"column":0},"end":{"line":43,"column":2}},"6":{"start":{"line":39,"column":4},"end":{"line":41,"column":5}},"7":{"start":{"line":40,"column":8},"end":{"line":40,"column":47}},"8":{"start":{"line":42,"column":4},"end":{"line":42,"column":12}},"9":{"start":{"line":46,"column":0},"end":{"line":46,"column":58}}},"fnMap":{"0":{"name":"(anonymous_0)","decl":{"start":{"line":38,"column":26},"end":{"line":38,"column":27}},"loc":{"start":{"line":38,"column":40},"end":{"line":43,"column":1}},"line":38}},"branchMap":{"0":{"loc":{"start":{"line":39,"column":4},"end":{"line":41,"column":5}},"type":"if","locations":[{"start":{"line":39,"column":4},"end":{"line":41,"column":5}},{"start":{},"end":{}}],"line":39},"1":{"loc":{"start":{"line":39,"column":7},"end":{"line":39,"column":41}},"type":"binary-expr","locations":[{"start":{"line":39,"column":7},"end":{"line":39,"column":15}},{"start":{"line":39,"column":19},"end":{"line":39,"column":41}}],"line":39}},"s":{"0":3,"1":3,"2":3,"3":3,"4":3,"5":3,"6":4,"7":0,"8":4,"9":3},"f":{"0":4},"b":{"0":[0,4],"1":[4,0]},"_coverageSchema":"1a1c01bbd47fc00a2c39e90264f33305004495a9","hash":"ff00583c60b2e47d74ecff774e85ecf2b7242567"}
,"E:\\doctor\\backend\\routes\\appointment.js": {"path":"E:\\doctor\\backend\\routes\\appointment.js","statementMap":{"0":{"start":{"line":1,"column":16},"end":{"line":1,"column":34}},"1":{"start":{"line":2,"column":20},"end":{"line":2,"column":51}},"2":{"start":{"line":3,"column":38},"end":{"line":3,"column":67}},"3":{"start":{"line":4,"column":24},"end":{"line":4,"column":52}},"4":{"start":{"line":5,"column":17},"end":{"line":5,"column":50}},"5":{"start":{"line":7,"column":15},"end":{"line":7,"column":31}},"6":{"start":{"line":10,"column":0},"end":{"line":44,"column":2}},"7":{"start":{"line":24,"column":4},"end":{"line":42,"column":5}},"8":{"start":{"line":25,"column":25},"end":{"line":25,"column":34}},"9":{"start":{"line":26,"column":21},"end":{"line":26,"column":46}},"10":{"start":{"line":28,"column":6},"end":{"line":31,"column":7}},"11":{"start":{"line":29,"column":28},"end":{"line":29,"column":69}},"12":{"start":{"line":30,"column":8},"end":{"line":30,"column":45}},"13":{"start":{"line":33,"column":26},"end":{"line":36,"column":49}},"14":{"start":{"line":38,"column":6},"end":{"line":38,"column":62}},"15":{"start":{"line":40,"column":6},"end":{"line":40,"column":61}},"16":{"start":{"line":41,"column":6},"end":{"line":41,"column":70}},"17":{"start":{"line":47,"column":0},"end":{"line":83,"column":2}},"18":{"start":{"line":61,"column":4},"end":{"line":81,"column":5}},"19":{"start":{"line":62,"column":25},"end":{"line":62,"column":34}},"20":{"start":{"line":63,"column":21},"end":{"line":63,"column":47}},"21":{"start":{"line":65,"column":6},"end":{"line":68,"column":7}},"22":{"start":{"line":66,"column":28},"end":{"line":66,"column":69}},"23":{"start":{"line":67,"column":8},"end":{"line":67,"column":45}},"24":{"start":{"line":69,"column":26},"end":{"line":75,"column":49}},"25":{"start":{"line":77,"column":6},"end":{"line":77,"column":62}},"26":{"start":{"line":79,"column":6},"end":{"line":79,"column":62}},"27":{"start":{"line":80,"column":6},"end":{"line":80,"column":70}},"28":{"start":{"line":86,"column":0},"end":{"line":106,"column":3}},"29":{"start":{"line":87,"column":2},"end":{"line":105,"column":3}},"30":{"start":{"line":88,"column":31},"end":{"line":88,"column":41}},"31":{"start":{"line":89,"column":21},"end":{"line":89,"column":35}},"32":{"start":{"line":90,"column":4},"end":{"line":90,"column":34}},"33":{"start":{"line":91,"column":21},"end":{"line":91,"column":35}},"34":{"start":{"line":92,"column":4},"end":{"line":92,"column":39}},"35":{"start":{"line":94,"column":30},"end":{"line":98,"column":29}},"36":{"start":{"line":100,"column":23},"end":{"line":100,"column":71}},"37":{"start":{"line":100,"column":54},"end":{"line":100,"column":70}},"38":{"start":{"line":102,"column":4},"end":{"line":102,"column":48}},"39":{"start":{"line":104,"column":4},"end":{"line":104,"column":68}},"40":{"start":{"line":108,"column":0},"end":{"line":191,"column":3}},"41":{"start":{"line":127,"column":4},"end":{"line":189,"column":5}},"42":{"start":{"line":138,"column":10},"end":{"line":138,"column":18}},"43":{"start":{"line":140,"column":36},"end":{"line":149,"column":8}},"44":{"start":{"line":151,"column":6},"end":{"line":153,"column":7}},"45":{"start":{"line":152,"column":8},"end":{"line":152,"column":64}},"46":{"start":{"line":156,"column":25},"end":{"line":158,"column":23}},"47":{"start":{"line":160,"column":26},"end":{"line":175,"column":8}},"48":{"start":{"line":177,"column":6},"end":{"line":177,"column":31}},"49":{"start":{"line":179,"column":6},"end":{"line":182,"column":8}},"50":{"start":{"line":183,"column":6},"end":{"line":183,"column":60}},"51":{"start":{"line":185,"column":6},"end":{"line":185,"column":66}},"52":{"start":{"line":187,"column":6},"end":{"line":187,"column":53}},"53":{"start":{"line":188,"column":6},"end":{"line":188,"column":69}},"54":{"start":{"line":194,"column":0},"end":{"line":215,"column":3}},"55":{"start":{"line":195,"column":2},"end":{"line":214,"column":3}},"56":{"start":{"line":196,"column":24},"end":{"line":198,"column":35}},"57":{"start":{"line":200,"column":4},"end":{"line":202,"column":5}},"58":{"start":{"line":201,"column":6},"end":{"line":201,"column":51}},"59":{"start":{"line":204,"column":4},"end":{"line":204,"column":39}},"60":{"start":{"line":205,"column":4},"end":{"line":205,"column":29}},"61":{"start":{"line":207,"column":4},"end":{"line":210,"column":6}},"62":{"start":{"line":212,"column":4},"end":{"line":212,"column":52}},"63":{"start":{"line":213,"column":4},"end":{"line":213,"column":68}},"64":{"start":{"line":218,"column":0},"end":{"line":241,"column":3}},"65":{"start":{"line":219,"column":2},"end":{"line":240,"column":3}},"66":{"start":{"line":220,"column":36},"end":{"line":220,"column":44}},"67":{"start":{"line":221,"column":24},"end":{"line":230,"column":36}},"68":{"start":{"line":232,"column":4},"end":{"line":234,"column":5}},"69":{"start":{"line":233,"column":6},"end":{"line":233,"column":51}},"70":{"start":{"line":236,"column":4},"end":{"line":236,"column":63}},"71":{"start":{"line":238,"column":4},"end":{"line":238,"column":51}},"72":{"start":{"line":239,"column":4},"end":{"line":239,"column":67}},"73":{"start":{"line":244,"column":0},"end":{"line":273,"column":2}},"74":{"start":{"line":249,"column":4},"end":{"line":271,"column":5}},"75":{"start":{"line":250,"column":25},"end":{"line":250,"column":33}},"76":{"start":{"line":251,"column":26},"end":{"line":253,"column":7}},"77":{"start":{"line":255,"column":6},"end":{"line":257,"column":7}},"78":{"start":{"line":256,"column":8},"end":{"line":256,"column":53}},"79":{"start":{"line":259,"column":6},"end":{"line":261,"column":7}},"80":{"start":{"line":260,"column":8},"end":{"line":260,"column":46}},"81":{"start":{"line":263,"column":6},"end":{"line":263,"column":34}},"82":{"start":{"line":264,"column":6},"end":{"line":264,"column":41}},"83":{"start":{"line":265,"column":6},"end":{"line":265,"column":31}},"84":{"start":{"line":267,"column":6},"end":{"line":267,"column":69}},"85":{"start":{"line":269,"column":6},"end":{"line":269,"column":63}},"86":{"start":{"line":270,"column":6},"end":{"line":270,"column":79}},"87":{"start":{"line":277,"column":0},"end":{"line":311,"column":3}},"88":{"start":{"line":278,"column":2},"end":{"line":310,"column":3}},"89":{"start":{"line":279,"column":24},"end":{"line":284,"column":7}},"90":{"start":{"line":286,"column":4},"end":{"line":288,"column":5}},"91":{"start":{"line":287,"column":6},"end":{"line":287,"column":51}},"92":{"start":{"line":291,"column":21},"end":{"line":291,"column":34}},"93":{"start":{"line":292,"column":4},"end":{"line":297,"column":5}},"94":{"start":{"line":296,"column":6},"end":{"line":296,"column":44}},"95":{"start":{"line":299,"column":4},"end":{"line":304,"column":5}},"96":{"start":{"line":303,"column":6},"end":{"line":303,"column":44}},"97":{"start":{"line":306,"column":4},"end":{"line":306,"column":64}},"98":{"start":{"line":308,"column":4},"end":{"line":308,"column":50}},"99":{"start":{"line":309,"column":4},"end":{"line":309,"column":66}},"100":{"start":{"line":313,"column":0},"end":{"line":313,"column":24}}},"fnMap":{"0":{"name":"(anonymous_0)","decl":{"start":{"line":23,"column":2},"end":{"line":23,"column":3}},"loc":{"start":{"line":23,"column":22},"end":{"line":43,"column":3}},"line":23},"1":{"name":"(anonymous_1)","decl":{"start":{"line":60,"column":2},"end":{"line":60,"column":3}},"loc":{"start":{"line":60,"column":22},"end":{"line":82,"column":3}},"line":60},"2":{"name":"(anonymous_2)","decl":{"start":{"line":86,"column":44},"end":{"line":86,"column":45}},"loc":{"start":{"line":86,"column":64},"end":{"line":106,"column":1}},"line":86},"3":{"name":"(anonymous_3)","decl":{"start":{"line":100,"column":45},"end":{"line":100,"column":46}},"loc":{"start":{"line":100,"column":54},"end":{"line":100,"column":70}},"line":100},"4":{"name":"(anonymous_4)","decl":{"start":{"line":126,"column":2},"end":{"line":126,"column":3}},"loc":{"start":{"line":126,"column":22},"end":{"line":190,"column":3}},"line":126},"5":{"name":"(anonymous_5)","decl":{"start":{"line":194,"column":38},"end":{"line":194,"column":39}},"loc":{"start":{"line":194,"column":58},"end":{"line":215,"column":1}},"line":194},"6":{"name":"(anonymous_6)","decl":{"start":{"line":218,"column":37},"end":{"line":218,"column":38}},"loc":{"start":{"line":218,"column":57},"end":{"line":241,"column":1}},"line":218},"7":{"name":"(anonymous_7)","decl":{"start":{"line":248,"column":2},"end":{"line":248,"column":3}},"loc":{"start":{"line":248,"column":22},"end":{"line":272,"column":3}},"line":248},"8":{"name":"(anonymous_8)","decl":{"start":{"line":277,"column":33},"end":{"line":277,"column":34}},"loc":{"start":{"line":277,"column":53},"end":{"line":311,"column":1}},"line":277}},"branchMap":{"0":{"loc":{"start":{"line":28,"column":6},"end":{"line":31,"column":7}},"type":"if","locations":[{"start":{"line":28,"column":6},"end":{"line":31,"column":7}},{"start":{},"end":{}}],"line":28},"1":{"loc":{"start":{"line":29,"column":28},"end":{"line":29,"column":69}},"type":"cond-expr","locations":[{"start":{"line":29,"column":52},"end":{"line":29,"column":58}},{"start":{"line":29,"column":61},"end":{"line":29,"column":69}}],"line":29},"2":{"loc":{"start":{"line":65,"column":6},"end":{"line":68,"column":7}},"type":"if","locations":[{"start":{"line":65,"column":6},"end":{"line":68,"column":7}},{"start":{},"end":{}}],"line":65},"3":{"loc":{"start":{"line":66,"column":28},"end":{"line":66,"column":69}},"type":"cond-expr","locations":[{"start":{"line":66,"column":52},"end":{"line":66,"column":58}},{"start":{"line":66,"column":61},"end":{"line":66,"column":69}}],"line":66},"4":{"loc":{"start":{"line":151,"column":6},"end":{"line":153,"column":7}},"type":"if","locations":[{"start":{"line":151,"column":6},"end":{"line":153,"column":7}},{"start":{},"end":{}}],"line":151},"5":{"loc":{"start":{"line":200,"column":4},"end":{"line":202,"column":5}},"type":"if","locations":[{"start":{"line":200,"column":4},"end":{"line":202,"column":5}},{"start":{},"end":{}}],"line":200},"6":{"loc":{"start":{"line":232,"column":4},"end":{"line":234,"column":5}},"type":"if","locations":[{"start":{"line":232,"column":4},"end":{"line":234,"column":5}},{"start":{},"end":{}}],"line":232},"7":{"loc":{"start":{"line":255,"column":6},"end":{"line":257,"column":7}},"type":"if","locations":[{"start":{"line":255,"column":6},"end":{"line":257,"column":7}},{"start":{},"end":{}}],"line":255},"8":{"loc":{"start":{"line":259,"column":6},"end":{"line":261,"column":7}},"type":"if","locations":[{"start":{"line":259,"column":6},"end":{"line":261,"column":7}},{"start":{},"end":{}}],"line":259},"9":{"loc":{"start":{"line":286,"column":4},"end":{"line":288,"column":5}},"type":"if","locations":[{"start":{"line":286,"column":4},"end":{"line":288,"column":5}},{"start":{},"end":{}}],"line":286},"10":{"loc":{"start":{"line":292,"column":4},"end":{"line":297,"column":5}},"type":"if","locations":[{"start":{"line":292,"column":4},"end":{"line":297,"column":5}},{"start":{},"end":{}}],"line":292},"11":{"loc":{"start":{"line":293,"column":6},"end":{"line":294,"column":57}},"type":"binary-expr","locations":[{"start":{"line":293,"column":6},"end":{"line":293,"column":27}},{"start":{"line":294,"column":6},"end":{"line":294,"column":57}}],"line":293},"12":{"loc":{"start":{"line":299,"column":4},"end":{"line":304,"column":5}},"type":"if","locations":[{"start":{"line":299,"column":4},"end":{"line":304,"column":5}},{"start":{},"end":{}}],"line":299},"13":{"loc":{"start":{"line":300,"column":6},"end":{"line":301,"column":58}},"type":"binary-expr","locations":[{"start":{"line":300,"column":6},"end":{"line":300,"column":28}},{"start":{"line":301,"column":6},"end":{"line":301,"column":58}}],"line":300}},"s":{"0":2,"1":2,"2":2,"3":2,"4":2,"5":2,"6":2,"7":1,"8":1,"9":1,"10":1,"11":0,"12":0,"13":1,"14":1,"15":0,"16":0,"17":2,"18":1,"19":1,"20":1,"21":1,"22":0,"23":0,"24":1,"25":1,"26":0,"27":0,"28":2,"29":0,"30":0,"31":0,"32":0,"33":0,"34":0,"35":0,"36":0,"37":0,"38":0,"39":0,"40":2,"41":1,"42":1,"43":1,"44":1,"45":0,"46":1,"47":1,"48":1,"49":1,"50":1,"51":1,"52":0,"53":0,"54":2,"55":0,"56":0,"57":0,"58":0,"59":0,"60":0,"61":0,"62":0,"63":0,"64":2,"65":0,"66":0,"67":0,"68":0,"69":0,"70":0,"71":0,"72":0,"73":2,"74":0,"75":0,"76":0,"77":0,"78":0,"79":0,"80":0,"81":0,"82":0,"83":0,"84":0,"85":0,"86":0,"87":2,"88":0,"89":0,"90":0,"91":0,"92":0,"93":0,"94":0,"95":0,"96":0,"97":0,"98":0,"99":0,"100":2},"f":{"0":1,"1":1,"2":0,"3":0,"4":1,"5":0,"6":0,"7":0,"8":0},"b":{"0":[0,1],"1":[0,0],"2":[0,1],"3":[0,0],"4":[0,1],"5":[0,0],"6":[0,0],"7":[0,0],"8":[0,0],"9":[0,0],"10":[0,0],"11":[0,0],"12":[0,0],"13":[0,0]},"_coverageSchema":"1a1c01bbd47fc00a2c39e90264f33305004495a9","hash":"cd4303c2c981e0e13c72a0cdc2860dec601aab8d"}
,"E:\\doctor\\backend\\routes\\auth.js": {"path":"E:\\doctor\\backend\\routes\\auth.js","statementMap":{"0":{"start":{"line":1,"column":16},"end":{"line":1,"column":34}},"1":{"start":{"line":2,"column":17},"end":{"line":2,"column":45}},"2":{"start":{"line":3,"column":17},"end":{"line":3,"column":50}},"3":{"start":{"line":4,"column":15},"end":{"line":4,"column":41}},"4":{"start":{"line":5,"column":16},"end":{"line":5,"column":43}},"5":{"start":{"line":6,"column":15},"end":{"line":6,"column":34}},"6":{"start":{"line":7,"column":12},"end":{"line":7,"column":35}},"7":{"start":{"line":8,"column":17},"end":{"line":8,"column":36}},"8":{"start":{"line":10,"column":15},"end":{"line":10,"column":31}},"9":{"start":{"line":13,"column":18},"end":{"line":14,"column":66}},"10":{"start":{"line":14,"column":4},"end":{"line":14,"column":66}},"11":{"start":{"line":17,"column":0},"end":{"line":36,"column":2}},"12":{"start":{"line":25,"column":8},"end":{"line":34,"column":9}},"13":{"start":{"line":26,"column":27},"end":{"line":26,"column":72}},"14":{"start":{"line":27,"column":12},"end":{"line":27,"column":69}},"15":{"start":{"line":27,"column":23},"end":{"line":27,"column":69}},"16":{"start":{"line":28,"column":27},"end":{"line":28,"column":66}},"17":{"start":{"line":29,"column":24},"end":{"line":29,"column":75}},"18":{"start":{"line":30,"column":26},"end":{"line":30,"column":54}},"19":{"start":{"line":31,"column":12},"end":{"line":31,"column":87}},"20":{"start":{"line":33,"column":12},"end":{"line":33,"column":67}},"21":{"start":{"line":39,"column":1},"end":{"line":57,"column":2}},"22":{"start":{"line":46,"column":8},"end":{"line":55,"column":9}},"23":{"start":{"line":47,"column":24},"end":{"line":47,"column":69}},"24":{"start":{"line":48,"column":12},"end":{"line":48,"column":86}},"25":{"start":{"line":48,"column":39},"end":{"line":48,"column":86}},"26":{"start":{"line":49,"column":26},"end":{"line":49,"column":79}},"27":{"start":{"line":50,"column":12},"end":{"line":50,"column":71}},"28":{"start":{"line":50,"column":24},"end":{"line":50,"column":71}},"29":{"start":{"line":51,"column":26},"end":{"line":51,"column":54}},"30":{"start":{"line":52,"column":12},"end":{"line":52,"column":86}},"31":{"start":{"line":54,"column":12},"end":{"line":54,"column":60}},"32":{"start":{"line":60,"column":1},"end":{"line":79,"column":2}},"33":{"start":{"line":68,"column":8},"end":{"line":77,"column":9}},"34":{"start":{"line":69,"column":27},"end":{"line":69,"column":73}},"35":{"start":{"line":70,"column":12},"end":{"line":70,"column":70}},"36":{"start":{"line":70,"column":23},"end":{"line":70,"column":70}},"37":{"start":{"line":71,"column":27},"end":{"line":71,"column":66}},"38":{"start":{"line":72,"column":28},"end":{"line":72,"column":80}},"39":{"start":{"line":73,"column":26},"end":{"line":73,"column":59}},"40":{"start":{"line":74,"column":12},"end":{"line":74,"column":93}},"41":{"start":{"line":76,"column":12},"end":{"line":76,"column":67}},"42":{"start":{"line":82,"column":1},"end":{"line":100,"column":2}},"43":{"start":{"line":89,"column":8},"end":{"line":98,"column":9}},"44":{"start":{"line":90,"column":28},"end":{"line":90,"column":74}},"45":{"start":{"line":91,"column":12},"end":{"line":91,"column":94}},"46":{"start":{"line":91,"column":47},"end":{"line":91,"column":94}},"47":{"start":{"line":92,"column":26},"end":{"line":92,"column":83}},"48":{"start":{"line":93,"column":12},"end":{"line":93,"column":71}},"49":{"start":{"line":93,"column":24},"end":{"line":93,"column":71}},"50":{"start":{"line":94,"column":26},"end":{"line":94,"column":59}},"51":{"start":{"line":95,"column":12},"end":{"line":95,"column":91}},"52":{"start":{"line":97,"column":12},"end":{"line":97,"column":60}},"53":{"start":{"line":107,"column":1},"end":{"line":115,"column":3}},"54":{"start":{"line":108,"column":21},"end":{"line":108,"column":48}},"55":{"start":{"line":110,"column":4},"end":{"line":114,"column":20}},"56":{"start":{"line":119,"column":1},"end":{"line":145,"column":2}},"57":{"start":{"line":126,"column":8},"end":{"line":143,"column":9}},"58":{"start":{"line":127,"column":33},"end":{"line":127,"column":41}},"59":{"start":{"line":128,"column":27},"end":{"line":128,"column":51}},"60":{"start":{"line":132,"column":33},"end":{"line":132,"column":84}},"61":{"start":{"line":133,"column":33},"end":{"line":138,"column":18}},"62":{"start":{"line":140,"column":13},"end":{"line":140,"column":38}},"63":{"start":{"line":142,"column":8},"end":{"line":142,"column":107}},"64":{"start":{"line":149,"column":1},"end":{"line":149,"column":84}},"65":{"start":{"line":149,"column":37},"end":{"line":149,"column":83}},"66":{"start":{"line":152,"column":1},"end":{"line":152,"column":25}}},"fnMap":{"0":{"name":"(anonymous_0)","decl":{"start":{"line":13,"column":18},"end":{"line":13,"column":19}},"loc":{"start":{"line":14,"column":4},"end":{"line":14,"column":66}},"line":14},"1":{"name":"(anonymous_1)","decl":{"start":{"line":24,"column":4},"end":{"line":24,"column":5}},"loc":{"start":{"line":24,"column":23},"end":{"line":35,"column":5}},"line":24},"2":{"name":"(anonymous_2)","decl":{"start":{"line":45,"column":4},"end":{"line":45,"column":5}},"loc":{"start":{"line":45,"column":23},"end":{"line":56,"column":5}},"line":45},"3":{"name":"(anonymous_3)","decl":{"start":{"line":67,"column":4},"end":{"line":67,"column":5}},"loc":{"start":{"line":67,"column":23},"end":{"line":78,"column":5}},"line":67},"4":{"name":"(anonymous_4)","decl":{"start":{"line":88,"column":4},"end":{"line":88,"column":5}},"loc":{"start":{"line":88,"column":23},"end":{"line":99,"column":5}},"line":88},"5":{"name":"(anonymous_5)","decl":{"start":{"line":107,"column":23},"end":{"line":107,"column":24}},"loc":{"start":{"line":107,"column":41},"end":{"line":115,"column":2}},"line":107},"6":{"name":"(anonymous_6)","decl":{"start":{"line":125,"column":4},"end":{"line":125,"column":5}},"loc":{"start":{"line":125,"column":22},"end":{"line":144,"column":5}},"line":125},"7":{"name":"(anonymous_7)","decl":{"start":{"line":149,"column":24},"end":{"line":149,"column":25}},"loc":{"start":{"line":149,"column":37},"end":{"line":149,"column":83}},"line":149}},"branchMap":{"0":{"loc":{"start":{"line":27,"column":12},"end":{"line":27,"column":69}},"type":"if","locations":[{"start":{"line":27,"column":12},"end":{"line":27,"column":69}},{"start":{},"end":{}}],"line":27},"1":{"loc":{"start":{"line":48,"column":12},"end":{"line":48,"column":86}},"type":"if","locations":[{"start":{"line":48,"column":12},"end":{"line":48,"column":86}},{"start":{},"end":{}}],"line":48},"2":{"loc":{"start":{"line":48,"column":15},"end":{"line":48,"column":37}},"type":"binary-expr","locations":[{"start":{"line":48,"column":15},"end":{"line":48,"column":19}},{"start":{"line":48,"column":24},"end":{"line":48,"column":37}}],"line":48},"3":{"loc":{"start":{"line":50,"column":12},"end":{"line":50,"column":71}},"type":"if","locations":[{"start":{"line":50,"column":12},"end":{"line":50,"column":71}},{"start":{},"end":{}}],"line":50},"4":{"loc":{"start":{"line":70,"column":12},"end":{"line":70,"column":70}},"type":"if","locations":[{"start":{"line":70,"column":12},"end":{"line":70,"column":70}},{"start":{},"end":{}}],"line":70},"5":{"loc":{"start":{"line":91,"column":12},"end":{"line":91,"column":94}},"type":"if","locations":[{"start":{"line":91,"column":12},"end":{"line":91,"column":94}},{"start":{},"end":{}}],"line":91},"6":{"loc":{"start":{"line":91,"column":15},"end":{"line":91,"column":45}},"type":"binary-expr","locations":[{"start":{"line":91,"column":15},"end":{"line":91,"column":23}},{"start":{"line":91,"column":28},"end":{"line":91,"column":45}}],"line":91},"7":{"loc":{"start":{"line":93,"column":12},"end":{"line":93,"column":71}},"type":"if","locations":[{"start":{"line":93,"column":12},"end":{"line":93,"column":71}},{"start":{},"end":{}}],"line":93},"8":{"loc":{"start":{"line":108,"column":21},"end":{"line":108,"column":48}},"type":"binary-expr","locations":[{"start":{"line":108,"column":21},"end":{"line":108,"column":35}},{"start":{"line":108,"column":39},"end":{"line":108,"column":48}}],"line":108},"9":{"loc":{"start":{"line":132,"column":33},"end":{"line":132,"column":84}},"type":"binary-expr","locations":[{"start":{"line":132,"column":33},"end":{"line":132,"column":57}},{"start":{"line":132,"column":61},"end":{"line":132,"column":84}}],"line":132}},"s":{"0":2,"1":2,"2":2,"3":2,"4":2,"5":2,"6":2,"7":2,"8":2,"9":2,"10":3,"11":2,"12":2,"13":2,"14":2,"15":1,"16":1,"17":1,"18":1,"19":1,"20":0,"21":2,"22":2,"23":2,"24":2,"25":0,"26":2,"27":2,"28":1,"29":1,"30":1,"31":0,"32":2,"33":1,"34":1,"35":1,"36":0,"37":1,"38":1,"39":1,"40":1,"41":0,"42":2,"43":0,"44":0,"45":0,"46":0,"47":0,"48":0,"49":0,"50":0,"51":0,"52":0,"53":2,"54":0,"55":0,"56":2,"57":0,"58":0,"59":0,"60":0,"61":0,"62":0,"63":0,"64":2,"65":0,"66":2},"f":{"0":3,"1":2,"2":2,"3":1,"4":0,"5":0,"6":0,"7":0},"b":{"0":[1,1],"1":[0,2],"2":[2,2],"3":[1,1],"4":[0,1],"5":[0,0],"6":[0,0],"7":[0,0],"8":[0,0],"9":[0,0]},"_coverageSchema":"1a1c01bbd47fc00a2c39e90264f33305004495a9","hash":"1f6ed0890f59fce958fed621aab3357e989afeb1"}
,"E:\\doctor\\backend\\routes\\doctor.js": {"path":"E:\\doctor\\backend\\routes\\doctor.js","statementMap":{"0":{"start":{"line":1,"column":16},"end":{"line":1,"column":34}},"1":{"start":{"line":2,"column":24},"end":{"line":2,"column":52}},"2":{"start":{"line":3,"column":17},"end":{"line":3,"column":50}},"3":{"start":{"line":4,"column":38},"end":{"line":4,"column":67}},"4":{"start":{"line":5,"column":15},"end":{"line":5,"column":41}},"5":{"start":{"line":6,"column":20},"end":{"line":6,"column":51}},"6":{"start":{"line":8,"column":15},"end":{"line":8,"column":31}},"7":{"start":{"line":10,"column":0},"end":{"line":89,"column":2}},"8":{"start":{"line":28,"column":4},"end":{"line":87,"column":5}},"9":{"start":{"line":40,"column":10},"end":{"line":40,"column":19}},"10":{"start":{"line":42,"column":21},"end":{"line":42,"column":41}},"11":{"start":{"line":43,"column":6},"end":{"line":47,"column":10}},"12":{"start":{"line":44,"column":8},"end":{"line":47,"column":10}},"13":{"start":{"line":48,"column":6},"end":{"line":48,"column":78}},"14":{"start":{"line":48,"column":16},"end":{"line":48,"column":78}},"15":{"start":{"line":49,"column":6},"end":{"line":51,"column":7}},"16":{"start":{"line":50,"column":8},"end":{"line":50,"column":35}},"17":{"start":{"line":53,"column":6},"end":{"line":57,"column":7}},"18":{"start":{"line":54,"column":8},"end":{"line":54,"column":25}},"19":{"start":{"line":55,"column":8},"end":{"line":55,"column":56}},"20":{"start":{"line":55,"column":21},"end":{"line":55,"column":56}},"21":{"start":{"line":56,"column":8},"end":{"line":56,"column":56}},"22":{"start":{"line":56,"column":21},"end":{"line":56,"column":56}},"23":{"start":{"line":59,"column":6},"end":{"line":65,"column":7}},"24":{"start":{"line":60,"column":8},"end":{"line":64,"column":10}},"25":{"start":{"line":67,"column":19},"end":{"line":67,"column":61}},"26":{"start":{"line":68,"column":19},"end":{"line":68,"column":53}},"27":{"start":{"line":70,"column":29},"end":{"line":77,"column":8}},"28":{"start":{"line":79,"column":6},"end":{"line":83,"column":9}},"29":{"start":{"line":85,"column":6},"end":{"line":85,"column":52}},"30":{"start":{"line":86,"column":6},"end":{"line":86,"column":64}},"31":{"start":{"line":92,"column":0},"end":{"line":95,"column":3}},"32":{"start":{"line":93,"column":14},"end":{"line":93,"column":78}},"33":{"start":{"line":94,"column":2},"end":{"line":94,"column":33}},"34":{"start":{"line":98,"column":0},"end":{"line":133,"column":2}},"35":{"start":{"line":121,"column":4},"end":{"line":131,"column":5}},"36":{"start":{"line":122,"column":22},"end":{"line":122,"column":37}},"37":{"start":{"line":123,"column":6},"end":{"line":123,"column":30}},"38":{"start":{"line":124,"column":6},"end":{"line":124,"column":32}},"39":{"start":{"line":125,"column":18},"end":{"line":127,"column":38}},"40":{"start":{"line":128,"column":6},"end":{"line":128,"column":37}},"41":{"start":{"line":130,"column":6},"end":{"line":130,"column":57}},"42":{"start":{"line":136,"column":0},"end":{"line":244,"column":2}},"43":{"start":{"line":141,"column":4},"end":{"line":242,"column":5}},"44":{"start":{"line":142,"column":23},"end":{"line":142,"column":34}},"45":{"start":{"line":143,"column":18},"end":{"line":143,"column":28}},"46":{"start":{"line":146,"column":25},"end":{"line":154,"column":7}},"47":{"start":{"line":155,"column":23},"end":{"line":163,"column":7}},"48":{"start":{"line":165,"column":21},"end":{"line":167,"column":15}},"49":{"start":{"line":169,"column":6},"end":{"line":171,"column":7}},"50":{"start":{"line":170,"column":8},"end":{"line":170,"column":48}},"51":{"start":{"line":174,"column":32},"end":{"line":181,"column":34}},"52":{"start":{"line":184,"column":35},"end":{"line":192,"column":17}},"53":{"start":{"line":194,"column":31},"end":{"line":196,"column":8}},"54":{"start":{"line":197,"column":28},"end":{"line":197,"column":51}},"55":{"start":{"line":199,"column":40},"end":{"line":202,"column":8}},"56":{"start":{"line":204,"column":31},"end":{"line":207,"column":8}},"57":{"start":{"line":209,"column":27},"end":{"line":212,"column":7}},"58":{"start":{"line":210,"column":22},"end":{"line":210,"column":70}},"59":{"start":{"line":214,"column":28},"end":{"line":236,"column":7}},"60":{"start":{"line":238,"column":6},"end":{"line":238,"column":53}},"61":{"start":{"line":240,"column":6},"end":{"line":240,"column":46}},"62":{"start":{"line":241,"column":6},"end":{"line":241,"column":75}},"63":{"start":{"line":246,"column":0},"end":{"line":260,"column":3}},"64":{"start":{"line":247,"column":2},"end":{"line":259,"column":3}},"65":{"start":{"line":248,"column":25},"end":{"line":248,"column":35}},"66":{"start":{"line":249,"column":19},"end":{"line":251,"column":13}},"67":{"start":{"line":253,"column":4},"end":{"line":255,"column":5}},"68":{"start":{"line":254,"column":6},"end":{"line":254,"column":46}},"69":{"start":{"line":256,"column":4},"end":{"line":256,"column":58}},"70":{"start":{"line":258,"column":4},"end":{"line":258,"column":63}},"71":{"start":{"line":262,"column":0},"end":{"line":262,"column":24}}},"fnMap":{"0":{"name":"(anonymous_0)","decl":{"start":{"line":27,"column":2},"end":{"line":27,"column":3}},"loc":{"start":{"line":27,"column":22},"end":{"line":88,"column":3}},"line":27},"1":{"name":"(anonymous_1)","decl":{"start":{"line":92,"column":55},"end":{"line":92,"column":56}},"loc":{"start":{"line":92,"column":75},"end":{"line":95,"column":1}},"line":92},"2":{"name":"(anonymous_2)","decl":{"start":{"line":120,"column":2},"end":{"line":120,"column":3}},"loc":{"start":{"line":120,"column":22},"end":{"line":132,"column":3}},"line":120},"3":{"name":"(anonymous_3)","decl":{"start":{"line":140,"column":2},"end":{"line":140,"column":3}},"loc":{"start":{"line":140,"column":22},"end":{"line":243,"column":3}},"line":140},"4":{"name":"(anonymous_4)","decl":{"start":{"line":210,"column":8},"end":{"line":210,"column":9}},"loc":{"start":{"line":210,"column":22},"end":{"line":210,"column":70}},"line":210},"5":{"name":"(anonymous_5)","decl":{"start":{"line":246,"column":35},"end":{"line":246,"column":36}},"loc":{"start":{"line":246,"column":55},"end":{"line":260,"column":1}},"line":246}},"branchMap":{"0":{"loc":{"start":{"line":36,"column":8},"end":{"line":36,"column":28}},"type":"default-arg","locations":[{"start":{"line":36,"column":17},"end":{"line":36,"column":28}}],"line":36},"1":{"loc":{"start":{"line":37,"column":8},"end":{"line":37,"column":26}},"type":"default-arg","locations":[{"start":{"line":37,"column":20},"end":{"line":37,"column":26}}],"line":37},"2":{"loc":{"start":{"line":38,"column":8},"end":{"line":38,"column":16}},"type":"default-arg","locations":[{"start":{"line":38,"column":15},"end":{"line":38,"column":16}}],"line":38},"3":{"loc":{"start":{"line":39,"column":8},"end":{"line":39,"column":18}},"type":"default-arg","locations":[{"start":{"line":39,"column":16},"end":{"line":39,"column":18}}],"line":39},"4":{"loc":{"start":{"line":43,"column":6},"end":{"line":47,"column":10}},"type":"if","locations":[{"start":{"line":43,"column":6},"end":{"line":47,"column":10}},{"start":{},"end":{}}],"line":43},"5":{"loc":{"start":{"line":48,"column":6},"end":{"line":48,"column":78}},"type":"if","locations":[{"start":{"line":48,"column":6},"end":{"line":48,"column":78}},{"start":{},"end":{}}],"line":48},"6":{"loc":{"start":{"line":49,"column":6},"end":{"line":51,"column":7}},"type":"if","locations":[{"start":{"line":49,"column":6},"end":{"line":51,"column":7}},{"start":{},"end":{}}],"line":49},"7":{"loc":{"start":{"line":53,"column":6},"end":{"line":57,"column":7}},"type":"if","locations":[{"start":{"line":53,"column":6},"end":{"line":57,"column":7}},{"start":{},"end":{}}],"line":53},"8":{"loc":{"start":{"line":53,"column":10},"end":{"line":53,"column":28}},"type":"binary-expr","locations":[{"start":{"line":53,"column":10},"end":{"line":53,"column":17}},{"start":{"line":53,"column":21},"end":{"line":53,"column":28}}],"line":53},"9":{"loc":{"start":{"line":55,"column":8},"end":{"line":55,"column":56}},"type":"if","locations":[{"start":{"line":55,"column":8},"end":{"line":55,"column":56}},{"start":{},"end":{}}],"line":55},"10":{"loc":{"start":{"line":56,"column":8},"end":{"line":56,"column":56}},"type":"if","locations":[{"start":{"line":56,"column":8},"end":{"line":56,"column":56}},{"start":{},"end":{}}],"line":56},"11":{"loc":{"start":{"line":59,"column":6},"end":{"line":65,"column":7}},"type":"if","locations":[{"start":{"line":59,"column":6},"end":{"line":65,"column":7}},{"start":{},"end":{}}],"line":59},"12":{"loc":{"start":{"line":67,"column":31},"end":{"line":67,"column":59}},"type":"cond-expr","locations":[{"start":{"line":67,"column":53},"end":{"line":67,"column":54}},{"start":{"line":67,"column":57},"end":{"line":67,"column":59}}],"line":67},"13":{"loc":{"start":{"line":169,"column":6},"end":{"line":171,"column":7}},"type":"if","locations":[{"start":{"line":169,"column":6},"end":{"line":171,"column":7}},{"start":{},"end":{}}],"line":169},"14":{"loc":{"start":{"line":210,"column":29},"end":{"line":210,"column":69}},"type":"binary-expr","locations":[{"start":{"line":210,"column":29},"end":{"line":210,"column":49}},{"start":{"line":210,"column":53},"end":{"line":210,"column":64}},{"start":{"line":210,"column":68},"end":{"line":210,"column":69}}],"line":210},"15":{"loc":{"start":{"line":253,"column":4},"end":{"line":255,"column":5}},"type":"if","locations":[{"start":{"line":253,"column":4},"end":{"line":255,"column":5}},{"start":{},"end":{}}],"line":253}},"s":{"0":2,"1":2,"2":2,"3":2,"4":2,"5":2,"6":2,"7":2,"8":0,"9":0,"10":0,"11":0,"12":0,"13":0,"14":0,"15":0,"16":0,"17":0,"18":0,"19":0,"20":0,"21":0,"22":0,"23":0,"24":0,"25":0,"26":0,"27":0,"28":0,"29":0,"30":0,"31":2,"32":0,"33":0,"34":2,"35":0,"36":0,"37":0,"38":0,"39":0,"40":0,"41":0,"42":2,"43":0,"44":0,"45":0,"46":0,"47":0,"48":0,"49":0,"50":0,"51":0,"52":0,"53":0,"54":0,"55":0,"56":0,"57":0,"58":0,"59":0,"60":0,"61":0,"62":0,"63":2,"64":0,"65":0,"66":0,"67":0,"68":0,"69":0,"70":0,"71":2},"f":{"0":0,"1":0,"2":0,"3":0,"4":0,"5":0},"b":{"0":[0],"1":[0],"2":[0],"3":[0],"4":[0,0],"5":[0,0],"6":[0,0],"7":[0,0],"8":[0,0],"9":[0,0],"10":[0,0],"11":[0,0],"12":[0,0],"13":[0,0],"14":[0,0,0],"15":[0,0]},"_coverageSchema":"1a1c01bbd47fc00a2c39e90264f33305004495a9","hash":"a4f96d279dfd89d6aab8f3a4bdfe5d5d54521330"}
,"E:\\doctor\\backend\\routes\\patient.js": {"path":"E:\\doctor\\backend\\routes\\patient.js","statementMap":{"0":{"start":{"line":1,"column":16},"end":{"line":1,"column":34}},"1":{"start":{"line":2,"column":16},"end":{"line":2,"column":43}},"2":{"start":{"line":3,"column":38},"end":{"line":3,"column":67}},"3":{"start":{"line":4,"column":17},"end":{"line":4,"column":45}},"4":{"start":{"line":5,"column":30},"end":{"line":5,"column":54}},"5":{"start":{"line":6,"column":17},"end":{"line":6,"column":50}},"6":{"start":{"line":9,"column":15},"end":{"line":9,"column":31}},"7":{"start":{"line":12,"column":0},"end":{"line":21,"column":2}},"8":{"start":{"line":16,"column":16},"end":{"line":18,"column":5}},"9":{"start":{"line":19,"column":4},"end":{"line":19,"column":35}},"10":{"start":{"line":24,"column":0},"end":{"line":56,"column":3}},"11":{"start":{"line":42,"column":4},"end":{"line":54,"column":5}},"12":{"start":{"line":43,"column":25},"end":{"line":43,"column":38}},"13":{"start":{"line":45,"column":9},"end":{"line":47,"column":10}},"14":{"start":{"line":46,"column":12},"end":{"line":46,"column":56}},"15":{"start":{"line":48,"column":9},"end":{"line":48,"column":33}},"16":{"start":{"line":49,"column":9},"end":{"line":49,"column":35}},"17":{"start":{"line":50,"column":21},"end":{"line":50,"column":115}},"18":{"start":{"line":51,"column":9},"end":{"line":51,"column":39}},"19":{"start":{"line":53,"column":8},"end":{"line":53,"column":58}},"20":{"start":{"line":59,"column":1},"end":{"line":59,"column":25}}},"fnMap":{"0":{"name":"(anonymous_0)","decl":{"start":{"line":15,"column":26},"end":{"line":15,"column":27}},"loc":{"start":{"line":15,"column":46},"end":{"line":20,"column":3}},"line":15},"1":{"name":"(anonymous_1)","decl":{"start":{"line":41,"column":3},"end":{"line":41,"column":4}},"loc":{"start":{"line":41,"column":21},"end":{"line":55,"column":4}},"line":41}},"branchMap":{"0":{"loc":{"start":{"line":45,"column":9},"end":{"line":47,"column":10}},"type":"if","locations":[{"start":{"line":45,"column":9},"end":{"line":47,"column":10}},{"start":{},"end":{}}],"line":45}},"s":{"0":2,"1":2,"2":2,"3":2,"4":2,"5":2,"6":2,"7":2,"8":0,"9":0,"10":2,"11":0,"12":0,"13":0,"14":0,"15":0,"16":0,"17":0,"18":0,"19":0,"20":2},"f":{"0":0,"1":0},"b":{"0":[0,0]},"_coverageSchema":"1a1c01bbd47fc00a2c39e90264f33305004495a9","hash":"3013c406e414a2ef0cbb5afd747314637cb9c903"}
,"E:\\doctor\\backend\\routes\\payment.js": {"path":"E:\\doctor\\backend\\routes\\payment.js","statementMap":{"0":{"start":{"line":1,"column":16},"end":{"line":1,"column":34}},"1":{"start":{"line":2,"column":17},"end":{"line":2,"column":36}},"2":{"start":{"line":3,"column":38},"end":{"line":3,"column":67}},"3":{"start":{"line":4,"column":17},"end":{"line":4,"column":45}},"4":{"start":{"line":5,"column":17},"end":{"line":5,"column":50}},"5":{"start":{"line":6,"column":20},"end":{"line":6,"column":51}},"6":{"start":{"line":7,"column":15},"end":{"line":7,"column":32}},"7":{"start":{"line":9,"column":15},"end":{"line":9,"column":31}},"8":{"start":{"line":11,"column":17},"end":{"line":14,"column":2}},"9":{"start":{"line":16,"column":0},"end":{"line":74,"column":2}},"10":{"start":{"line":27,"column":4},"end":{"line":72,"column":5}},"11":{"start":{"line":28,"column":32},"end":{"line":28,"column":40}},"12":{"start":{"line":31,"column":26},"end":{"line":33,"column":50}},"13":{"start":{"line":35,"column":6},"end":{"line":37,"column":7}},"14":{"start":{"line":36,"column":8},"end":{"line":36,"column":53}},"15":{"start":{"line":38,"column":6},"end":{"line":40,"column":7}},"16":{"start":{"line":39,"column":8},"end":{"line":39,"column":47}},"17":{"start":{"line":42,"column":6},"end":{"line":44,"column":7}},"18":{"start":{"line":43,"column":8},"end":{"line":43,"column":57}},"19":{"start":{"line":46,"column":20},"end":{"line":59,"column":8}},"20":{"start":{"line":61,"column":6},"end":{"line":69,"column":8}},"21":{"start":{"line":71,"column":6},"end":{"line":71,"column":74}},"22":{"start":{"line":76,"column":0},"end":{"line":151,"column":2}},"23":{"start":{"line":96,"column":4},"end":{"line":149,"column":5}},"24":{"start":{"line":102,"column":10},"end":{"line":102,"column":18}},"25":{"start":{"line":105,"column":26},"end":{"line":107,"column":50}},"26":{"start":{"line":109,"column":6},"end":{"line":111,"column":7}},"27":{"start":{"line":110,"column":8},"end":{"line":110,"column":53}},"28":{"start":{"line":112,"column":6},"end":{"line":114,"column":7}},"29":{"start":{"line":113,"column":8},"end":{"line":113,"column":47}},"30":{"start":{"line":117,"column":19},"end":{"line":117,"column":64}},"31":{"start":{"line":118,"column":32},"end":{"line":121,"column":22}},"32":{"start":{"line":123,"column":26},"end":{"line":123,"column":66}},"33":{"start":{"line":124,"column":6},"end":{"line":126,"column":7}},"34":{"start":{"line":125,"column":8},"end":{"line":125,"column":61}},"35":{"start":{"line":128,"column":6},"end":{"line":128,"column":41}},"36":{"start":{"line":129,"column":6},"end":{"line":129,"column":45}},"37":{"start":{"line":130,"column":6},"end":{"line":130,"column":58}},"38":{"start":{"line":131,"column":6},"end":{"line":131,"column":54}},"39":{"start":{"line":132,"column":6},"end":{"line":132,"column":57}},"40":{"start":{"line":133,"column":6},"end":{"line":133,"column":43}},"41":{"start":{"line":135,"column":6},"end":{"line":135,"column":31}},"42":{"start":{"line":137,"column":6},"end":{"line":140,"column":8}},"43":{"start":{"line":141,"column":6},"end":{"line":141,"column":79}},"44":{"start":{"line":143,"column":6},"end":{"line":146,"column":8}},"45":{"start":{"line":148,"column":6},"end":{"line":148,"column":68}},"46":{"start":{"line":154,"column":1},"end":{"line":154,"column":25}}},"fnMap":{"0":{"name":"(anonymous_0)","decl":{"start":{"line":26,"column":2},"end":{"line":26,"column":3}},"loc":{"start":{"line":26,"column":22},"end":{"line":73,"column":3}},"line":26},"1":{"name":"(anonymous_1)","decl":{"start":{"line":95,"column":2},"end":{"line":95,"column":3}},"loc":{"start":{"line":95,"column":22},"end":{"line":150,"column":3}},"line":95}},"branchMap":{"0":{"loc":{"start":{"line":35,"column":6},"end":{"line":37,"column":7}},"type":"if","locations":[{"start":{"line":35,"column":6},"end":{"line":37,"column":7}},{"start":{},"end":{}}],"line":35},"1":{"loc":{"start":{"line":38,"column":6},"end":{"line":40,"column":7}},"type":"if","locations":[{"start":{"line":38,"column":6},"end":{"line":40,"column":7}},{"start":{},"end":{}}],"line":38},"2":{"loc":{"start":{"line":42,"column":6},"end":{"line":44,"column":7}},"type":"if","locations":[{"start":{"line":42,"column":6},"end":{"line":44,"column":7}},{"start":{},"end":{}}],"line":42},"3":{"loc":{"start":{"line":109,"column":6},"end":{"line":111,"column":7}},"type":"if","locations":[{"start":{"line":109,"column":6},"end":{"line":111,"column":7}},{"start":{},"end":{}}],"line":109},"4":{"loc":{"start":{"line":112,"column":6},"end":{"line":114,"column":7}},"type":"if","locations":[{"start":{"line":112,"column":6},"end":{"line":114,"column":7}},{"start":{},"end":{}}],"line":112},"5":{"loc":{"start":{"line":124,"column":6},"end":{"line":126,"column":7}},"type":"if","locations":[{"start":{"line":124,"column":6},"end":{"line":126,"column":7}},{"start":{},"end":{}}],"line":124}},"s":{"0":2,"1":2,"2":2,"3":2,"4":2,"5":2,"6":2,"7":2,"8":2,"9":2,"10":0,"11":0,"12":0,"13":0,"14":0,"15":0,"16":0,"17":0,"18":0,"19":0,"20":0,"21":0,"22":2,"23":0,"24":0,"25":0,"26":0,"27":0,"28":0,"29":0,"30":0,"31":0,"32":0,"33":0,"34":0,"35":0,"36":0,"37":0,"38":0,"39":0,"40":0,"41":0,"42":0,"43":0,"44":0,"45":0,"46":2},"f":{"0":0,"1":0},"b":{"0":[0,0],"1":[0,0],"2":[0,0],"3":[0,0],"4":[0,0],"5":[0,0]},"_coverageSchema":"1a1c01bbd47fc00a2c39e90264f33305004495a9","hash":"029ecb0528b6064186501e37255df93e7796dbc4"}
,"E:\\doctor\\backend\\utils\\date.js": {"path":"E:\\doctor\\backend\\utils\\date.js","statementMap":{"0":{"start":{"line":1,"column":26},"end":{"line":7,"column":1}},"1":{"start":{"line":2,"column":4},"end":{"line":2,"column":25}},"2":{"start":{"line":2,"column":13},"end":{"line":2,"column":25}},"3":{"start":{"line":3,"column":14},"end":{"line":3,"column":27}},"4":{"start":{"line":4,"column":17},"end":{"line":4,"column":41}},"5":{"start":{"line":5,"column":20},"end":{"line":5,"column":34}},"6":{"start":{"line":6,"column":4},"end":{"line":6,"column":51}},"7":{"start":{"line":11,"column":0},"end":{"line":11,"column":36}}},"fnMap":{"0":{"name":"(anonymous_0)","decl":{"start":{"line":1,"column":26},"end":{"line":1,"column":27}},"loc":{"start":{"line":1,"column":33},"end":{"line":7,"column":1}},"line":1}},"branchMap":{"0":{"loc":{"start":{"line":2,"column":4},"end":{"line":2,"column":25}},"type":"if","locations":[{"start":{"line":2,"column":4},"end":{"line":2,"column":25}},{"start":{},"end":{}}],"line":2}},"s":{"0":3,"1":0,"2":0,"3":0,"4":0,"5":0,"6":0,"7":3},"f":{"0":0},"b":{"0":[0,0]},"_coverageSchema":"1a1c01bbd47fc00a2c39e90264f33305004495a9","hash":"d2b7c6e8503838a71369a5dfe4caa8b6008f9040"}
}
