TN:
SF:config\passport.js
FN:20,(anonymous_0)
FNF:1
FNH:0
FNDA:0,(anonymous_0)
DA:1,2
DA:2,2
DA:3,2
DA:4,2
DA:6,2
DA:9,2
DA:10,0
DA:21,0
DA:22,0
DA:24,0
DA:25,0
DA:26,0
DA:28,0
DA:29,0
DA:30,0
DA:31,0
DA:39,0
DA:40,0
DA:41,0
DA:42,0
DA:46,0
DA:48,0
DA:49,0
DA:50,0
DA:58,0
DA:59,0
DA:60,0
DA:61,0
DA:65,0
DA:68,0
DA:76,2
LF:31
LH:7
BRDA:9,0,0,0
BRDA:9,0,1,2
BRDA:9,1,0,2
BRDA:9,1,1,2
BRDA:9,1,2,2
BRDA:22,2,0,0
BRDA:22,2,1,0
BRDA:28,3,0,0
BRDA:28,3,1,0
BRDA:30,4,0,0
BRDA:30,4,1,0
BRDA:39,5,0,0
BRDA:39,5,1,0
BRDA:49,6,0,0
BRDA:49,6,1,0
BRDA:58,7,0,0
BRDA:58,7,1,0
BRF:17
BRH:4
end_of_record
TN:
SF:middleware\auth.js
FN:7,(anonymous_0)
FN:29,(anonymous_1)
FN:29,(anonymous_2)
FNF:3
FNH:3
FNDA:6,(anonymous_0)
FNDA:22,(anonymous_1)
FNDA:3,(anonymous_2)
DA:1,3
DA:2,3
DA:3,3
DA:6,3
DA:8,6
DA:9,6
DA:10,6
DA:11,5
DA:12,5
DA:14,4
DA:15,4
DA:17,4
DA:18,2
DA:19,2
DA:20,2
DA:23,4
DA:24,4
DA:26,0
DA:29,22
DA:30,3
DA:31,0
DA:33,3
LF:22
LH:20
BRDA:10,0,0,1
BRDA:10,0,1,5
BRDA:11,1,0,5
BRDA:11,1,1,0
BRDA:12,2,0,1
BRDA:12,2,1,4
BRDA:17,3,0,2
BRDA:17,3,1,2
BRDA:19,4,0,2
BRDA:19,4,1,0
BRDA:23,5,0,0
BRDA:23,5,1,4
BRDA:30,6,0,0
BRDA:30,6,1,3
BRDA:30,7,0,3
BRDA:30,7,1,3
BRF:16
BRH:12
end_of_record
TN:
SF:middleware\response.js
FN:1,(anonymous_0)
FN:2,(anonymous_1)
FN:5,(anonymous_2)
FN:8,(anonymous_3)
FN:11,(anonymous_4)
FN:14,(anonymous_5)
FN:17,(anonymous_6)
FN:20,(anonymous_7)
FNF:8
FNH:5
FNDA:9,(anonymous_0)
FNDA:2,(anonymous_1)
FNDA:4,(anonymous_2)
FNDA:2,(anonymous_3)
FNDA:1,(anonymous_4)
FNDA:0,(anonymous_5)
FNDA:0,(anonymous_6)
FNDA:0,(anonymous_7)
DA:1,2
DA:2,9
DA:3,2
DA:5,9
DA:6,4
DA:8,9
DA:9,2
DA:11,9
DA:12,1
DA:14,9
DA:15,0
DA:17,9
DA:18,0
DA:20,9
DA:21,0
DA:23,9
LF:16
LH:13
BRDA:2,0,0,0
BRDA:2,1,0,0
BRDA:2,2,0,2
BRDA:5,3,0,0
BRDA:5,4,0,0
BRDA:5,5,0,4
BRDA:8,6,0,0
BRDA:8,7,0,1
BRDA:11,8,0,0
BRDA:14,9,0,0
BRDA:17,10,0,0
BRDA:20,11,0,0
BRDA:20,12,0,0
BRF:13
BRH:3
end_of_record
TN:
SF:middleware\validate.js
FN:7,(anonymous_0)
FNF:1
FNH:1
FNDA:9,(anonymous_0)
DA:3,2
DA:7,2
DA:8,9
DA:9,9
DA:10,1
DA:12,8
LF:6
LH:6
BRDA:9,0,0,1
BRDA:9,0,1,8
BRF:2
BRH:2
end_of_record
TN:
SF:modal\Appointment.js
FNF:0
FNH:0
DA:1,2
DA:3,2
DA:66,2
DA:68,2
LF:4
LH:4
BRF:0
BRH:0
end_of_record
TN:
SF:modal\Doctor.js
FNF:0
FNH:0
DA:1,3
DA:3,3
DA:16,3
DA:22,3
DA:28,3
DA:67,3
LF:6
LH:6
BRF:0
BRH:0
end_of_record
TN:
SF:modal\Patient.js
FN:38,(anonymous_0)
FNF:1
FNH:1
FNDA:4,(anonymous_0)
DA:1,3
DA:2,3
DA:3,3
DA:9,3
DA:15,3
DA:38,3
DA:39,4
DA:40,0
DA:42,4
DA:46,3
LF:10
LH:9
BRDA:39,0,0,0
BRDA:39,0,1,4
BRDA:39,1,0,4
BRDA:39,1,1,0
BRF:4
BRH:2
end_of_record
TN:
SF:routes\appointment.js
FN:23,(anonymous_0)
FN:60,(anonymous_1)
FN:86,(anonymous_2)
FN:100,(anonymous_3)
FN:126,(anonymous_4)
FN:194,(anonymous_5)
FN:218,(anonymous_6)
FN:248,(anonymous_7)
FN:277,(anonymous_8)
FNF:9
FNH:3
FNDA:1,(anonymous_0)
FNDA:1,(anonymous_1)
FNDA:0,(anonymous_2)
FNDA:0,(anonymous_3)
FNDA:1,(anonymous_4)
FNDA:0,(anonymous_5)
FNDA:0,(anonymous_6)
FNDA:0,(anonymous_7)
FNDA:0,(anonymous_8)
DA:1,2
DA:2,2
DA:3,2
DA:4,2
DA:5,2
DA:7,2
DA:10,2
DA:24,1
DA:25,1
DA:26,1
DA:28,1
DA:29,0
DA:30,0
DA:33,1
DA:38,1
DA:40,0
DA:41,0
DA:47,2
DA:61,1
DA:62,1
DA:63,1
DA:65,1
DA:66,0
DA:67,0
DA:69,1
DA:77,1
DA:79,0
DA:80,0
DA:86,2
DA:87,0
DA:88,0
DA:89,0
DA:90,0
DA:91,0
DA:92,0
DA:94,0
DA:100,0
DA:102,0
DA:104,0
DA:108,2
DA:127,1
DA:138,1
DA:140,1
DA:151,1
DA:152,0
DA:156,1
DA:160,1
DA:177,1
DA:179,1
DA:183,1
DA:185,1
DA:187,0
DA:188,0
DA:194,2
DA:195,0
DA:196,0
DA:200,0
DA:201,0
DA:204,0
DA:205,0
DA:207,0
DA:212,0
DA:213,0
DA:218,2
DA:219,0
DA:220,0
DA:221,0
DA:232,0
DA:233,0
DA:236,0
DA:238,0
DA:239,0
DA:244,2
DA:249,0
DA:250,0
DA:251,0
DA:255,0
DA:256,0
DA:259,0
DA:260,0
DA:263,0
DA:264,0
DA:265,0
DA:267,0
DA:269,0
DA:270,0
DA:277,2
DA:278,0
DA:279,0
DA:286,0
DA:287,0
DA:291,0
DA:292,0
DA:296,0
DA:299,0
DA:303,0
DA:306,0
DA:308,0
DA:309,0
DA:313,2
LF:100
LH:37
BRDA:28,0,0,0
BRDA:28,0,1,1
BRDA:29,1,0,0
BRDA:29,1,1,0
BRDA:65,2,0,0
BRDA:65,2,1,1
BRDA:66,3,0,0
BRDA:66,3,1,0
BRDA:151,4,0,0
BRDA:151,4,1,1
BRDA:200,5,0,0
BRDA:200,5,1,0
BRDA:232,6,0,0
BRDA:232,6,1,0
BRDA:255,7,0,0
BRDA:255,7,1,0
BRDA:259,8,0,0
BRDA:259,8,1,0
BRDA:286,9,0,0
BRDA:286,9,1,0
BRDA:292,10,0,0
BRDA:292,10,1,0
BRDA:293,11,0,0
BRDA:293,11,1,0
BRDA:299,12,0,0
BRDA:299,12,1,0
BRDA:300,13,0,0
BRDA:300,13,1,0
BRF:28
BRH:3
end_of_record
TN:
SF:routes\auth.js
FN:13,(anonymous_0)
FN:24,(anonymous_1)
FN:45,(anonymous_2)
FN:67,(anonymous_3)
FN:88,(anonymous_4)
FN:107,(anonymous_5)
FN:125,(anonymous_6)
FN:149,(anonymous_7)
FNF:8
FNH:4
FNDA:3,(anonymous_0)
FNDA:2,(anonymous_1)
FNDA:2,(anonymous_2)
FNDA:1,(anonymous_3)
FNDA:0,(anonymous_4)
FNDA:0,(anonymous_5)
FNDA:0,(anonymous_6)
FNDA:0,(anonymous_7)
DA:1,2
DA:2,2
DA:3,2
DA:4,2
DA:5,2
DA:6,2
DA:7,2
DA:8,2
DA:10,2
DA:13,2
DA:14,3
DA:17,2
DA:25,2
DA:26,2
DA:27,2
DA:28,1
DA:29,1
DA:30,1
DA:31,1
DA:33,0
DA:39,2
DA:46,2
DA:47,2
DA:48,2
DA:49,2
DA:50,2
DA:51,1
DA:52,1
DA:54,0
DA:60,2
DA:68,1
DA:69,1
DA:70,1
DA:71,1
DA:72,1
DA:73,1
DA:74,1
DA:76,0
DA:82,2
DA:89,0
DA:90,0
DA:91,0
DA:92,0
DA:93,0
DA:94,0
DA:95,0
DA:97,0
DA:107,2
DA:108,0
DA:110,0
DA:119,2
DA:126,0
DA:127,0
DA:128,0
DA:132,0
DA:133,0
DA:140,0
DA:142,0
DA:149,2
DA:152,2
LF:60
LH:40
BRDA:27,0,0,1
BRDA:27,0,1,1
BRDA:48,1,0,0
BRDA:48,1,1,2
BRDA:48,2,0,2
BRDA:48,2,1,2
BRDA:50,3,0,1
BRDA:50,3,1,1
BRDA:70,4,0,0
BRDA:70,4,1,1
BRDA:91,5,0,0
BRDA:91,5,1,0
BRDA:91,6,0,0
BRDA:91,6,1,0
BRDA:93,7,0,0
BRDA:93,7,1,0
BRDA:108,8,0,0
BRDA:108,8,1,0
BRDA:132,9,0,0
BRDA:132,9,1,0
BRF:20
BRH:8
end_of_record
TN:
SF:routes\doctor.js
FN:27,(anonymous_0)
FN:92,(anonymous_1)
FN:120,(anonymous_2)
FN:140,(anonymous_3)
FN:210,(anonymous_4)
FN:246,(anonymous_5)
FNF:6
FNH:0
FNDA:0,(anonymous_0)
FNDA:0,(anonymous_1)
FNDA:0,(anonymous_2)
FNDA:0,(anonymous_3)
FNDA:0,(anonymous_4)
FNDA:0,(anonymous_5)
DA:1,2
DA:2,2
DA:3,2
DA:4,2
DA:5,2
DA:6,2
DA:8,2
DA:10,2
DA:28,0
DA:40,0
DA:42,0
DA:43,0
DA:44,0
DA:48,0
DA:49,0
DA:50,0
DA:53,0
DA:54,0
DA:55,0
DA:56,0
DA:59,0
DA:60,0
DA:67,0
DA:68,0
DA:70,0
DA:79,0
DA:85,0
DA:86,0
DA:92,2
DA:93,0
DA:94,0
DA:98,2
DA:121,0
DA:122,0
DA:123,0
DA:124,0
DA:125,0
DA:128,0
DA:130,0
DA:136,2
DA:141,0
DA:142,0
DA:143,0
DA:146,0
DA:155,0
DA:165,0
DA:169,0
DA:170,0
DA:174,0
DA:184,0
DA:194,0
DA:197,0
DA:199,0
DA:204,0
DA:209,0
DA:210,0
DA:214,0
DA:238,0
DA:240,0
DA:241,0
DA:246,2
DA:247,0
DA:248,0
DA:249,0
DA:253,0
DA:254,0
DA:256,0
DA:258,0
DA:262,2
LF:69
LH:13
BRDA:36,0,0,0
BRDA:37,1,0,0
BRDA:38,2,0,0
BRDA:39,3,0,0
BRDA:43,4,0,0
BRDA:43,4,1,0
BRDA:48,5,0,0
BRDA:48,5,1,0
BRDA:49,6,0,0
BRDA:49,6,1,0
BRDA:53,7,0,0
BRDA:53,7,1,0
BRDA:53,8,0,0
BRDA:53,8,1,0
BRDA:55,9,0,0
BRDA:55,9,1,0
BRDA:56,10,0,0
BRDA:56,10,1,0
BRDA:59,11,0,0
BRDA:59,11,1,0
BRDA:67,12,0,0
BRDA:67,12,1,0
BRDA:169,13,0,0
BRDA:169,13,1,0
BRDA:210,14,0,0
BRDA:210,14,1,0
BRDA:210,14,2,0
BRDA:253,15,0,0
BRDA:253,15,1,0
BRF:29
BRH:0
end_of_record
TN:
SF:routes\patient.js
FN:15,(anonymous_0)
FN:41,(anonymous_1)
FNF:2
FNH:0
FNDA:0,(anonymous_0)
FNDA:0,(anonymous_1)
DA:1,2
DA:2,2
DA:3,2
DA:4,2
DA:5,2
DA:6,2
DA:9,2
DA:12,2
DA:16,0
DA:19,0
DA:24,2
DA:42,0
DA:43,0
DA:45,0
DA:46,0
DA:48,0
DA:49,0
DA:50,0
DA:51,0
DA:53,0
DA:59,2
LF:21
LH:10
BRDA:45,0,0,0
BRDA:45,0,1,0
BRF:2
BRH:0
end_of_record
TN:
SF:routes\payment.js
FN:26,(anonymous_0)
FN:95,(anonymous_1)
FNF:2
FNH:0
FNDA:0,(anonymous_0)
FNDA:0,(anonymous_1)
DA:1,2
DA:2,2
DA:3,2
DA:4,2
DA:5,2
DA:6,2
DA:7,2
DA:9,2
DA:11,2
DA:16,2
DA:27,0
DA:28,0
DA:31,0
DA:35,0
DA:36,0
DA:38,0
DA:39,0
DA:42,0
DA:43,0
DA:46,0
DA:61,0
DA:71,0
DA:76,2
DA:96,0
DA:102,0
DA:105,0
DA:109,0
DA:110,0
DA:112,0
DA:113,0
DA:117,0
DA:118,0
DA:123,0
DA:124,0
DA:125,0
DA:128,0
DA:129,0
DA:130,0
DA:131,0
DA:132,0
DA:133,0
DA:135,0
DA:137,0
DA:141,0
DA:143,0
DA:148,0
DA:154,2
LF:47
LH:12
BRDA:35,0,0,0
BRDA:35,0,1,0
BRDA:38,1,0,0
BRDA:38,1,1,0
BRDA:42,2,0,0
BRDA:42,2,1,0
BRDA:109,3,0,0
BRDA:109,3,1,0
BRDA:112,4,0,0
BRDA:112,4,1,0
BRDA:124,5,0,0
BRDA:124,5,1,0
BRF:12
BRH:0
end_of_record
TN:
SF:utils\date.js
FN:1,(anonymous_0)
FNF:1
FNH:0
FNDA:0,(anonymous_0)
DA:1,3
DA:2,0
DA:3,0
DA:4,0
DA:5,0
DA:6,0
DA:11,3
LF:7
LH:2
BRDA:2,0,0,0
BRDA:2,0,1,0
BRF:2
BRH:0
end_of_record
